2019-04-12 09:33:11.726  INFO 6632 --- [restartedMain] com.dh.mapperte.MapperteApplication      : Starting MapperteApplication on SC-201812212122 with PID 6632 (D:\javawork\ideawork\mapperte\target\classes started by Administrator in D:\javawork\ideawork\mapperte)
2019-04-12 09:33:11.759  INFO 6632 --- [restartedMain] com.dh.mapperte.MapperteApplication      : No active profile set, falling back to default profiles: default
2019-04-12 09:33:12.017  INFO 6632 --- [restartedMain] .e.DevToolsPropertyDefaultsPostProcessor : Devtools property defaults active! Set 'spring.devtools.add-properties' to 'false' to disable
2019-04-12 09:33:12.018  INFO 6632 --- [restartedMain] .e.DevToolsPropertyDefaultsPostProcessor : For additional web related logging consider setting the 'logging.level.web' property to 'DEBUG'
2019-04-12 09:33:15.341  INFO 6632 --- [restartedMain] .s.d.r.c.RepositoryConfigurationDelegate : Multiple Spring Data modules found, entering strict repository configuration mode!
2019-04-12 09:33:15.343  INFO 6632 --- [restartedMain] .s.d.r.c.RepositoryConfigurationDelegate : Bootstrapping Spring Data repositories in DEFAULT mode.
2019-04-12 09:33:15.799  INFO 6632 --- [restartedMain] .s.d.r.c.RepositoryConfigurationDelegate : Finished Spring Data repository scanning in 429ms. Found 7 repository interfaces.
2019-04-12 09:33:15.843  INFO 6632 --- [restartedMain] .s.d.r.c.RepositoryConfigurationDelegate : Multiple Spring Data modules found, entering strict repository configuration mode!
2019-04-12 09:33:15.846  INFO 6632 --- [restartedMain] .s.d.r.c.RepositoryConfigurationDelegate : Bootstrapping Spring Data repositories in DEFAULT mode.
2019-04-12 09:33:15.959  INFO 6632 --- [restartedMain] .RepositoryConfigurationExtensionSupport : Spring Data Redis - Could not safely identify store assignment for repository candidate interface com.dh.mapperte.repository.ConfigRepositroy.
2019-04-12 09:33:15.960  INFO 6632 --- [restartedMain] .RepositoryConfigurationExtensionSupport : Spring Data Redis - Could not safely identify store assignment for repository candidate interface com.dh.mapperte.repository.IndicatorRepositroy.
2019-04-12 09:33:15.961  INFO 6632 --- [restartedMain] .RepositoryConfigurationExtensionSupport : Spring Data Redis - Could not safely identify store assignment for repository candidate interface com.dh.mapperte.repository.MessageRepository.
2019-04-12 09:33:15.962  INFO 6632 --- [restartedMain] .RepositoryConfigurationExtensionSupport : Spring Data Redis - Could not safely identify store assignment for repository candidate interface com.dh.mapperte.repository.ScoreRepository.
2019-04-12 09:33:15.963  INFO 6632 --- [restartedMain] .RepositoryConfigurationExtensionSupport : Spring Data Redis - Could not safely identify store assignment for repository candidate interface com.dh.mapperte.repository.ScoresectionRepository.
2019-04-12 09:33:15.964  INFO 6632 --- [restartedMain] .RepositoryConfigurationExtensionSupport : Spring Data Redis - Could not safely identify store assignment for repository candidate interface com.dh.mapperte.repository.TeacherRepository.
2019-04-12 09:33:15.965  INFO 6632 --- [restartedMain] .RepositoryConfigurationExtensionSupport : Spring Data Redis - Could not safely identify store assignment for repository candidate interface com.dh.mapperte.repository.TopicRepository.
2019-04-12 09:33:15.965  INFO 6632 --- [restartedMain] .s.d.r.c.RepositoryConfigurationDelegate : Finished Spring Data repository scanning in 101ms. Found 0 repository interfaces.
2019-04-12 09:33:17.083  INFO 6632 --- [restartedMain] trationDelegate$BeanPostProcessorChecker : Bean 'org.springframework.transaction.annotation.ProxyTransactionManagementConfiguration' of type [org.springframework.transaction.annotation.ProxyTransactionManagementConfiguration$$EnhancerBySpringCGLIB$$1412dd68] is not eligible for getting processed by all BeanPostProcessors (for example: not eligible for auto-proxying)
2019-04-12 09:33:18.613  INFO 6632 --- [restartedMain] o.s.b.w.embedded.tomcat.TomcatWebServer  : Tomcat initialized with port(s): 9999 (http)
2019-04-12 09:33:18.662  INFO 6632 --- [restartedMain] o.apache.catalina.core.StandardService   : Starting service [Tomcat]
2019-04-12 09:33:18.663  INFO 6632 --- [restartedMain] org.apache.catalina.core.StandardEngine  : Starting Servlet engine: [Apache Tomcat/9.0.16]
2019-04-12 09:33:18.680  INFO 6632 --- [restartedMain] o.a.catalina.core.AprLifecycleListener   : The APR based Apache Tomcat Native library which allows optimal performance in production environments was not found on the java.library.path: [C:\Program Files (x86)\Java\jdk1.8.0_191\bin;C:\Windows\Sun\Java\bin;C:\Windows\system32;C:\Windows;C:\Program Files (x86)\Common Files\Oracle\Java\javapath;C:\ProgramData\Oracle\Java\javapath;C:\Windows\system32;C:\Windows;C:\Windows\System32\Wbem;C:\Program Files (x86)\Common Files\Oracle\Java\javapath;C:\ProgramData\Oracle\Java\javapath;C:\Windows\system32;C:\Windows;C:\Windows\System32\Wbem;C:\Program Files (x86)\Common Files\Oracle\Java\javapath;C:\ProgramData\Oracle\Java\javapath;C:\Windows\system32;C:\Windows;C:\Windows\System32\Wbem;C:\Windows\System32;C:\Program Files (x86)\Java\jdk1.8.0_191\bin;C:\Program Files (x86)\Java\jdk1.8.0_191\jre\bin;C:\Program Files\Git\cmd;D:\ruanjian\apache-maven-3.6.0\bin;D:\redis\Redis-x64-3.2.100;C:\Windows\System32\WindowsPowerShell\v1.0\;;C:\Program Files (x86)\Java\jdk1.8.0_191\bin;C:\Program Files (x86)\Java\jdk1.8.0_191\jre\bin;C:\Program Files\Git\cmd;D:\ruanjian\apache-maven-3.6.0\bin;D:\redis\Redis-x64-3.2.100;C:\Windows\System32\WindowsPowerShell\v1.0\;;C:\Program Files (x86)\Java\jdk1.8.0_191\bin;C:\Program Files (x86)\Java\jdk1.8.0_191\jre\bin;C:\Program Files\Git\cmd;D:\ruanjian\apache-maven-3.6.0\bin;D:\redis\Redis-x64-3.2.100;C:\Windows\System32\WindowsPowerShell\v1.0\;C:\Users\Administrator\AppData\Local\Google\Chrome\Application;C:\Users\Administrator\AppData\Local\Programs\Microsoft VS Code\bin;C:\Program Files (x86)\RedisDesktopManager;;C:\Users\Administrator\AppData\Local\Programs\Fiddler;D:\nodejs\node-v10.15.3-win-x64;D:\ruanjian\cmder;.]
2019-04-12 09:33:19.372  INFO 6632 --- [restartedMain] o.a.c.c.C.[Tomcat].[localhost].[/]       : Initializing Spring embedded WebApplicationContext
2019-04-12 09:33:19.373  INFO 6632 --- [restartedMain] o.s.web.context.ContextLoader            : Root WebApplicationContext: initialization completed in 7355 ms
2019-04-12 09:33:19.895  INFO 6632 --- [restartedMain] com.zaxxer.hikari.HikariDataSource       : HikariPool-1 - Starting...
2019-04-12 09:33:20.634  INFO 6632 --- [restartedMain] com.zaxxer.hikari.HikariDataSource       : HikariPool-1 - Start completed.
2019-04-12 09:33:20.990  INFO 6632 --- [restartedMain] o.hibernate.jpa.internal.util.LogHelper  : HHH000204: Processing PersistenceUnitInfo [
	name: default
	...]
2019-04-12 09:33:21.306  INFO 6632 --- [restartedMain] org.hibernate.Version                    : HHH000412: Hibernate Core {5.3.7.Final}
2019-04-12 09:33:21.311  INFO 6632 --- [restartedMain] org.hibernate.cfg.Environment            : HHH000206: hibernate.properties not found
2019-04-12 09:33:21.752  INFO 6632 --- [restartedMain] o.hibernate.annotations.common.Version   : HCANN000001: Hibernate Commons Annotations {5.0.4.Final}
2019-04-12 09:33:23.113  INFO 6632 --- [restartedMain] org.hibernate.dialect.Dialect            : HHH000400: Using dialect: org.hibernate.dialect.MySQL5InnoDBDialect
2019-04-12 09:33:24.985  INFO 6632 --- [restartedMain] j.LocalContainerEntityManagerFactoryBean : Initialized JPA EntityManagerFactory for persistence unit 'default'
2019-04-12 09:33:25.109  INFO 6632 --- [restartedMain] o.s.b.d.a.OptionalLiveReloadServer       : LiveReload server is running on port 35729
2019-04-12 09:33:26.718  INFO 6632 --- [restartedMain] o.s.s.concurrent.ThreadPoolTaskExecutor  : Initializing ExecutorService 'applicationTaskExecutor'
2019-04-12 09:33:26.960  WARN 6632 --- [restartedMain] aWebConfiguration$JpaWebMvcConfiguration : spring.jpa.open-in-view is enabled by default. Therefore, database queries may be performed during view rendering. Explicitly configure spring.jpa.open-in-view to disable this warning
2019-04-12 09:33:29.732  INFO 6632 --- [restartedMain] o.s.b.w.embedded.tomcat.TomcatWebServer  : Tomcat started on port(s): 9999 (http) with context path ''
2019-04-12 09:33:29.739  INFO 6632 --- [restartedMain] com.dh.mapperte.MapperteApplication      : Started MapperteApplication in 19.256 seconds (JVM running for 24.589)
2019-04-12 09:33:53.779  INFO 6632 --- [http-nio-9999-exec-1] o.a.c.c.C.[Tomcat].[localhost].[/]       : Initializing Spring DispatcherServlet 'dispatcherServlet'
2019-04-12 09:33:53.780  INFO 6632 --- [http-nio-9999-exec-1] o.s.web.servlet.DispatcherServlet        : Initializing Servlet 'dispatcherServlet'
2019-04-12 09:33:53.801  INFO 6632 --- [http-nio-9999-exec-1] o.s.web.servlet.DispatcherServlet        : Completed initialization in 20 ms
2019-04-12 09:57:28.715  INFO 8780 --- [restartedMain] com.dh.mapperte.MapperteApplication      : Starting MapperteApplication on SC-201812212122 with PID 8780 (D:\javawork\ideawork\mapperte\target\classes started by Administrator in D:\javawork\ideawork\mapperte)
2019-04-12 09:57:28.721  INFO 8780 --- [restartedMain] com.dh.mapperte.MapperteApplication      : No active profile set, falling back to default profiles: default
2019-04-12 09:57:28.836  INFO 8780 --- [restartedMain] .e.DevToolsPropertyDefaultsPostProcessor : Devtools property defaults active! Set 'spring.devtools.add-properties' to 'false' to disable
2019-04-12 09:57:28.839  INFO 8780 --- [restartedMain] .e.DevToolsPropertyDefaultsPostProcessor : For additional web related logging consider setting the 'logging.level.web' property to 'DEBUG'
2019-04-12 09:57:30.759  INFO 8780 --- [restartedMain] .s.d.r.c.RepositoryConfigurationDelegate : Multiple Spring Data modules found, entering strict repository configuration mode!
2019-04-12 09:57:30.761  INFO 8780 --- [restartedMain] .s.d.r.c.RepositoryConfigurationDelegate : Bootstrapping Spring Data repositories in DEFAULT mode.
2019-04-12 09:57:31.195  INFO 8780 --- [restartedMain] .s.d.r.c.RepositoryConfigurationDelegate : Finished Spring Data repository scanning in 419ms. Found 7 repository interfaces.
2019-04-12 09:57:31.251  INFO 8780 --- [restartedMain] .s.d.r.c.RepositoryConfigurationDelegate : Multiple Spring Data modules found, entering strict repository configuration mode!
2019-04-12 09:57:31.254  INFO 8780 --- [restartedMain] .s.d.r.c.RepositoryConfigurationDelegate : Bootstrapping Spring Data repositories in DEFAULT mode.
2019-04-12 09:57:31.385  INFO 8780 --- [restartedMain] .RepositoryConfigurationExtensionSupport : Spring Data Redis - Could not safely identify store assignment for repository candidate interface com.dh.mapperte.repository.ConfigRepositroy.
2019-04-12 09:57:31.386  INFO 8780 --- [restartedMain] .RepositoryConfigurationExtensionSupport : Spring Data Redis - Could not safely identify store assignment for repository candidate interface com.dh.mapperte.repository.IndicatorRepositroy.
2019-04-12 09:57:31.387  INFO 8780 --- [restartedMain] .RepositoryConfigurationExtensionSupport : Spring Data Redis - Could not safely identify store assignment for repository candidate interface com.dh.mapperte.repository.MessageRepository.
2019-04-12 09:57:31.388  INFO 8780 --- [restartedMain] .RepositoryConfigurationExtensionSupport : Spring Data Redis - Could not safely identify store assignment for repository candidate interface com.dh.mapperte.repository.ScoreRepository.
2019-04-12 09:57:31.389  INFO 8780 --- [restartedMain] .RepositoryConfigurationExtensionSupport : Spring Data Redis - Could not safely identify store assignment for repository candidate interface com.dh.mapperte.repository.ScoresectionRepository.
2019-04-12 09:57:31.390  INFO 8780 --- [restartedMain] .RepositoryConfigurationExtensionSupport : Spring Data Redis - Could not safely identify store assignment for repository candidate interface com.dh.mapperte.repository.TeacherRepository.
2019-04-12 09:57:31.392  INFO 8780 --- [restartedMain] .RepositoryConfigurationExtensionSupport : Spring Data Redis - Could not safely identify store assignment for repository candidate interface com.dh.mapperte.repository.TopicRepository.
2019-04-12 09:57:31.394  INFO 8780 --- [restartedMain] .s.d.r.c.RepositoryConfigurationDelegate : Finished Spring Data repository scanning in 121ms. Found 0 repository interfaces.
2019-04-12 09:57:32.274  INFO 8780 --- [restartedMain] trationDelegate$BeanPostProcessorChecker : Bean 'org.springframework.transaction.annotation.ProxyTransactionManagementConfiguration' of type [org.springframework.transaction.annotation.ProxyTransactionManagementConfiguration$$EnhancerBySpringCGLIB$$29abede4] is not eligible for getting processed by all BeanPostProcessors (for example: not eligible for auto-proxying)
2019-04-12 09:57:33.664  INFO 8780 --- [restartedMain] o.s.b.w.embedded.tomcat.TomcatWebServer  : Tomcat initialized with port(s): 9999 (http)
2019-04-12 09:57:33.729  INFO 8780 --- [restartedMain] o.apache.catalina.core.StandardService   : Starting service [Tomcat]
2019-04-12 09:57:33.730  INFO 8780 --- [restartedMain] org.apache.catalina.core.StandardEngine  : Starting Servlet engine: [Apache Tomcat/9.0.16]
2019-04-12 09:57:33.747  INFO 8780 --- [restartedMain] o.a.catalina.core.AprLifecycleListener   : The APR based Apache Tomcat Native library which allows optimal performance in production environments was not found on the java.library.path: [C:\Program Files (x86)\Java\jdk1.8.0_191\bin;C:\Windows\Sun\Java\bin;C:\Windows\system32;C:\Windows;C:\Program Files (x86)\Common Files\Oracle\Java\javapath;C:\ProgramData\Oracle\Java\javapath;C:\Windows\system32;C:\Windows;C:\Windows\System32\Wbem;C:\Program Files (x86)\Common Files\Oracle\Java\javapath;C:\ProgramData\Oracle\Java\javapath;C:\Windows\system32;C:\Windows;C:\Windows\System32\Wbem;C:\Program Files (x86)\Common Files\Oracle\Java\javapath;C:\ProgramData\Oracle\Java\javapath;C:\Windows\system32;C:\Windows;C:\Windows\System32\Wbem;C:\Windows\System32;C:\Program Files (x86)\Java\jdk1.8.0_191\bin;C:\Program Files (x86)\Java\jdk1.8.0_191\jre\bin;C:\Program Files\Git\cmd;D:\ruanjian\apache-maven-3.6.0\bin;D:\redis\Redis-x64-3.2.100;C:\Windows\System32\WindowsPowerShell\v1.0\;;C:\Program Files (x86)\Java\jdk1.8.0_191\bin;C:\Program Files (x86)\Java\jdk1.8.0_191\jre\bin;C:\Program Files\Git\cmd;D:\ruanjian\apache-maven-3.6.0\bin;D:\redis\Redis-x64-3.2.100;C:\Windows\System32\WindowsPowerShell\v1.0\;;C:\Program Files (x86)\Java\jdk1.8.0_191\bin;C:\Program Files (x86)\Java\jdk1.8.0_191\jre\bin;C:\Program Files\Git\cmd;D:\ruanjian\apache-maven-3.6.0\bin;D:\redis\Redis-x64-3.2.100;C:\Windows\System32\WindowsPowerShell\v1.0\;C:\Users\Administrator\AppData\Local\Google\Chrome\Application;C:\Users\Administrator\AppData\Local\Programs\Microsoft VS Code\bin;C:\Program Files (x86)\RedisDesktopManager;;C:\Users\Administrator\AppData\Local\Programs\Fiddler;D:\nodejs\node-v10.15.3-win-x64;D:\ruanjian\cmder;.]
2019-04-12 09:57:34.377  INFO 8780 --- [restartedMain] o.a.c.c.C.[Tomcat].[localhost].[/]       : Initializing Spring embedded WebApplicationContext
2019-04-12 09:57:34.377  INFO 8780 --- [restartedMain] o.s.web.context.ContextLoader            : Root WebApplicationContext: initialization completed in 5538 ms
2019-04-12 09:57:34.689  INFO 8780 --- [restartedMain] com.zaxxer.hikari.HikariDataSource       : HikariPool-1 - Starting...
2019-04-12 09:57:35.425  INFO 8780 --- [restartedMain] com.zaxxer.hikari.HikariDataSource       : HikariPool-1 - Start completed.
2019-04-12 09:57:35.651  INFO 8780 --- [restartedMain] o.hibernate.jpa.internal.util.LogHelper  : HHH000204: Processing PersistenceUnitInfo [
	name: default
	...]
2019-04-12 09:57:35.791  INFO 8780 --- [restartedMain] org.hibernate.Version                    : HHH000412: Hibernate Core {5.3.7.Final}
2019-04-12 09:57:35.796  INFO 8780 --- [restartedMain] org.hibernate.cfg.Environment            : HHH000206: hibernate.properties not found
2019-04-12 09:57:36.184  INFO 8780 --- [restartedMain] o.hibernate.annotations.common.Version   : HCANN000001: Hibernate Commons Annotations {5.0.4.Final}
2019-04-12 09:57:37.412  INFO 8780 --- [restartedMain] org.hibernate.dialect.Dialect            : HHH000400: Using dialect: org.hibernate.dialect.MySQL5InnoDBDialect
2019-04-12 09:57:39.106  INFO 8780 --- [restartedMain] j.LocalContainerEntityManagerFactoryBean : Initialized JPA EntityManagerFactory for persistence unit 'default'
2019-04-12 09:57:39.216  INFO 8780 --- [restartedMain] o.s.b.d.a.OptionalLiveReloadServer       : LiveReload server is running on port 35729
2019-04-12 09:57:40.600  INFO 8780 --- [restartedMain] o.s.s.concurrent.ThreadPoolTaskExecutor  : Initializing ExecutorService 'applicationTaskExecutor'
2019-04-12 09:57:40.695  WARN 8780 --- [restartedMain] aWebConfiguration$JpaWebMvcConfiguration : spring.jpa.open-in-view is enabled by default. Therefore, database queries may be performed during view rendering. Explicitly configure spring.jpa.open-in-view to disable this warning
2019-04-12 09:57:43.036  INFO 8780 --- [restartedMain] o.s.b.w.embedded.tomcat.TomcatWebServer  : Tomcat started on port(s): 9999 (http) with context path ''
2019-04-12 09:57:43.044  INFO 8780 --- [restartedMain] com.dh.mapperte.MapperteApplication      : Started MapperteApplication in 15.359 seconds (JVM running for 18.424)
2019-04-12 09:58:50.884  INFO 8780 --- [http-nio-9999-exec-1] o.a.c.c.C.[Tomcat].[localhost].[/]       : Initializing Spring DispatcherServlet 'dispatcherServlet'
2019-04-12 09:58:50.885  INFO 8780 --- [http-nio-9999-exec-1] o.s.web.servlet.DispatcherServlet        : Initializing Servlet 'dispatcherServlet'
2019-04-12 09:58:50.900  INFO 8780 --- [http-nio-9999-exec-1] o.s.web.servlet.DispatcherServlet        : Completed initialization in 15 ms
